  test1.cpp
  CMRViewBase.cpp
f:\vsworkspace\vs2015workspace\monkeyray\moneyray\monkeyray\cmrobject.h(42): error C2143: 语法错误: 缺少“;”(在“}”的前面)
f:\vsworkspace\vs2015workspace\monkeyray\moneyray\monkeyray\cmrgraphicsthread.h(7): error C2504: “CMROperation”: 未定义基类
f:\vsworkspace\vs2015workspace\monkeyray\moneyray\monkeyray\cmrcamera.h(9): error C2143: 语法错误: 缺少“;”(在“*”的前面)
f:\vsworkspace\vs2015workspace\monkeyray\moneyray\monkeyray\cmrcamera.h(9): error C4430: 缺少类型说明符 - 假定为 int。注意: C++ 不支持默认 int
f:\vsworkspace\vs2015workspace\monkeyray\moneyray\monkeyray\cmrcamera.h(10): error C2334: “{”的前面有意外标记；跳过明显的函数体
f:\vsworkspace\vs2015workspace\monkeyray\moneyray\monkeyray\cmrcamera.h(27): error C2143: 语法错误: 缺少“;”(在“*”的前面)
f:\vsworkspace\vs2015workspace\monkeyray\moneyray\monkeyray\cmrcamera.h(27): error C4430: 缺少类型说明符 - 假定为 int。注意: C++ 不支持默认 int
f:\vsworkspace\vs2015workspace\monkeyray\moneyray\monkeyray\cmrcamera.h(28): error C2334: “{”的前面有意外标记；跳过明显的函数体
f:\vsworkspace\vs2015workspace\monkeyray\moneyray\monkeyray\cmrcamera.h(33): error C2061: 语法错误: 标识符“MR”
f:\vsworkspace\vs2015workspace\monkeyray\moneyray\monkeyray\cmrviewbase.cpp(9): error C2660: “MR::CMRCamera::SetView”: 函数不接受 1 个参数
  CMRView.cpp
f:\vsworkspace\vs2015workspace\monkeyray\moneyray\monkeyray\cmrdatabasepager.h(9): error C2061: 语法错误: 标识符“CMRFrameStamp”
f:\vsworkspace\vs2015workspace\monkeyray\moneyray\monkeyray\cmrdatabasepager.h(12): error C2039: “logic_error”: 不是“std”的成员
  f:\vsworkspace\vs2015workspace\monkeyray\moneyray\monkeyray\predefined c++ types (compiler internal)(208): note: 参见“std”的声明
f:\vsworkspace\vs2015workspace\monkeyray\moneyray\monkeyray\cmrdatabasepager.h(12): error C3861: “logic_error”: 找不到标识符
f:\vsworkspace\vs2015workspace\monkeyray\moneyray\monkeyray\cmrimagepager.h(9): error C2061: 语法错误: 标识符“CMRFrameStamp”
f:\vsworkspace\vs2015workspace\monkeyray\moneyray\monkeyray\cmrimagepager.h(12): error C2039: “logic_error”: 不是“std”的成员
  f:\vsworkspace\vs2015workspace\monkeyray\moneyray\monkeyray\predefined c++ types (compiler internal)(208): note: 参见“std”的声明
f:\vsworkspace\vs2015workspace\monkeyray\moneyray\monkeyray\cmrimagepager.h(12): error C3861: “logic_error”: 找不到标识符
f:\vsworkspace\vs2015workspace\monkeyray\moneyray\monkeyray\cmrscene.h(15): error C2143: 语法错误: 缺少“;”(在“*”的前面)
f:\vsworkspace\vs2015workspace\monkeyray\moneyray\monkeyray\cmrscene.h(15): error C4430: 缺少类型说明符 - 假定为 int。注意: C++ 不支持默认 int
f:\vsworkspace\vs2015workspace\monkeyray\moneyray\monkeyray\cmrscene.h(16): error C2334: “{”的前面有意外标记；跳过明显的函数体
f:\vsworkspace\vs2015workspace\monkeyray\moneyray\monkeyray\cmrscene.h(24): error C2039: “logic_error”: 不是“std”的成员
  f:\vsworkspace\vs2015workspace\monkeyray\moneyray\monkeyray\predefined c++ types (compiler internal)(208): note: 参见“std”的声明
f:\vsworkspace\vs2015workspace\monkeyray\moneyray\monkeyray\cmrscene.h(24): error C3861: “logic_error”: 找不到标识符
f:\vsworkspace\vs2015workspace\monkeyray\moneyray\monkeyray\cmrscene.h(30): error C2039: “logic_error”: 不是“std”的成员
  f:\vsworkspace\vs2015workspace\monkeyray\moneyray\monkeyray\predefined c++ types (compiler internal)(208): note: 参见“std”的声明
f:\vsworkspace\vs2015workspace\monkeyray\moneyray\monkeyray\cmrscene.h(30): error C3861: “logic_error”: 找不到标识符
f:\vsworkspace\vs2015workspace\monkeyray\moneyray\monkeyray\cmrcameramanipulator.h(9): error C2061: 语法错误: 标识符“CMRCamera”
f:\vsworkspace\vs2015workspace\monkeyray\moneyray\monkeyray\cmrcameramanipulator.h(12): error C2039: “logic_error”: 不是“std”的成员
  f:\vsworkspace\vs2015workspace\monkeyray\moneyray\monkeyray\predefined c++ types (compiler internal)(208): note: 参见“std”的声明
f:\vsworkspace\vs2015workspace\monkeyray\moneyray\monkeyray\cmrcameramanipulator.h(12): error C3861: “logic_error”: 找不到标识符
f:\vsworkspace\vs2015workspace\monkeyray\moneyray\monkeyray\cmrmemoryallocatorconfig.h(69): error C2988: 不可识别的模板声明/定义
  f:\vsworkspace\vs2015workspace\monkeyray\moneyray\monkeyray\cmrmemoryallocatorconfig.h(100): note: 参见对正在编译的类 模板 实例化“MR::CMRObjectFactory<AllocPolicy>”的引用
f:\vsworkspace\vs2015workspace\monkeyray\moneyray\monkeyray\cmrmemoryallocatorconfig.h(69): error C2143: 语法错误: 缺少“;”(在“<”的前面)
f:\vsworkspace\vs2015workspace\monkeyray\moneyray\monkeyray\cmrmemoryallocatorconfig.h(69): error C4430: 缺少类型说明符 - 假定为 int。注意: C++ 不支持默认 int
f:\vsworkspace\vs2015workspace\monkeyray\moneyray\monkeyray\cmrmemoryallocatorconfig.h(69): error C2238: 意外的标记位于“;”之前
f:\vsworkspace\vs2015workspace\monkeyray\moneyray\monkeyray\cmrmemoryallocatorconfig.h(69): error C2059: 语法错误:“<”
f:\vsworkspace\vs2015workspace\monkeyray\moneyray\monkeyray\cmrmemoryallocatorconfig.h(78): error C2334: “{”的前面有意外标记；跳过明显的函数体
f:\vsworkspace\vs2015workspace\monkeyray\moneyray\monkeyray\cmrmemoryallocatorconfig.h(86): error C2988: 不可识别的模板声明/定义
f:\vsworkspace\vs2015workspace\monkeyray\moneyray\monkeyray\cmrmemoryallocatorconfig.h(86): error C2059: 语法错误:“return”
f:\vsworkspace\vs2015workspace\monkeyray\moneyray\monkeyray\cmrmemoryallocatorconfig.h(86): error C2238: 意外的标记位于“;”之前
f:\vsworkspace\vs2015workspace\monkeyray\moneyray\monkeyray\cmrmemoryallocatorconfig.h(89): error C2144: 语法错误:“void”的前面应有“;”
f:\vsworkspace\vs2015workspace\monkeyray\moneyray\monkeyray\cmrmemoryallocatorconfig.h(74): fatal error C1903: 无法从以前的错误中恢复；正在停止编译
  “C:\Program Files (x86)\Microsoft Visual Studio 14.0\VC\bin\CL.exe”中的内部编译器错误
    请选择 Visual C++ 
  “帮助”菜单上的“技术支持”命令，或打开技术支持帮助文件来获得详细信息
